01/24/2024 10:30:00 AM Device set to cuda:0.
01/24/2024 10:30:00 AM Command line parameters: Namespace(gpu=0, channel='3GPP', save_channels=0, pilot_alpha=[0.5], batch_size_x_list=[50], pilots_list=[30], sample_joint=True).
01/24/2024 10:30:00 AM Results will be saved to results_joint_seed4321.
01/24/2024 10:30:02 AM Size of the channels: 64x32.
01/24/2024 10:30:02 AM Total number of iterations: 867.
01/24/2024 10:30:03 AM Channels loaded.
01/24/2024 10:30:03 AM Starting experiment with this number of pilots: 30.
01/24/2024 10:30:03 AM Starting experiment with this number of symbols: 50.
01/24/2024 10:30:05 AM NMSE [dB] at 0 and 10.0: 7.732507936577795.
01/24/2024 10:30:08 AM NMSE [dB] at 100 and 10.0: -4.038219886639116.
01/24/2024 10:30:10 AM NMSE [dB] at 200 and 10.0: -4.430500246957905.
01/24/2024 10:30:13 AM NMSE [dB] at 300 and 10.0: -4.964389759695108.
01/24/2024 10:30:15 AM NMSE [dB] at 400 and 10.0: -5.2174631402626055.
01/24/2024 10:30:17 AM NMSE [dB] at 500 and 10.0: -5.2904633170122795.
01/24/2024 10:30:20 AM NMSE [dB] at 600 and 10.0: -5.307899573920734.
01/24/2024 10:30:22 AM NMSE [dB] at 700 and 10.0: -5.312084333832407.
01/24/2024 10:30:25 AM NMSE [dB] at 800 and 10.0: -5.313132033953687.
01/24/2024 10:30:26 AM NMSE [dB] at 10.0: [-5.31334715        -inf        -inf        -inf        -inf        -inf
        -inf        -inf        -inf].
01/24/2024 10:30:26 AM NMSE [dB] at 0 and 12.5: 9.367537617865594.
01/24/2024 10:30:29 AM NMSE [dB] at 100 and 12.5: -4.503337126807151.
01/24/2024 10:30:31 AM NMSE [dB] at 200 and 12.5: -5.045270083882281.
01/24/2024 10:30:33 AM NMSE [dB] at 300 and 12.5: -5.725343023731558.
01/24/2024 10:30:36 AM NMSE [dB] at 400 and 12.5: -6.0744152227417025.
01/24/2024 10:30:38 AM NMSE [dB] at 500 and 12.5: -6.155632829987915.
01/24/2024 10:30:41 AM NMSE [dB] at 600 and 12.5: -6.171571703219226.
01/24/2024 10:30:43 AM NMSE [dB] at 700 and 12.5: -6.174556020436125.
01/24/2024 10:30:45 AM NMSE [dB] at 800 and 12.5: -6.175172926028192.
01/24/2024 10:30:47 AM NMSE [dB] at 12.5: [-5.31334715 -6.17529042        -inf        -inf        -inf        -inf
        -inf        -inf        -inf].
01/24/2024 10:30:47 AM NMSE [dB] at 0 and 15.0: 10.058689581254686.
01/24/2024 10:30:49 AM NMSE [dB] at 100 and 15.0: -4.651070024153954.
01/24/2024 10:30:52 AM NMSE [dB] at 200 and 15.0: -5.4689699015357345.
01/24/2024 10:30:54 AM NMSE [dB] at 300 and 15.0: -6.319424838741863.
01/24/2024 10:30:56 AM NMSE [dB] at 400 and 15.0: -6.821280428347092.
01/24/2024 10:30:59 AM NMSE [dB] at 500 and 15.0: -6.9294148285985235.
01/24/2024 10:31:01 AM NMSE [dB] at 600 and 15.0: -6.947398666455026.
01/24/2024 10:31:04 AM NMSE [dB] at 700 and 15.0: -6.95030152477268.
01/24/2024 10:31:06 AM NMSE [dB] at 800 and 15.0: -6.950735068537998.
01/24/2024 10:31:08 AM NMSE [dB] at 15.0: [-5.31334715 -6.17529042 -6.95079728        -inf        -inf        -inf
        -inf        -inf        -inf].
01/24/2024 10:31:08 AM NMSE [dB] at 0 and 17.5: 10.586533111133358.
01/24/2024 10:31:10 AM NMSE [dB] at 100 and 17.5: -4.753258573475947.
01/24/2024 10:31:12 AM NMSE [dB] at 200 and 17.5: -5.762172255716411.
01/24/2024 10:31:15 AM NMSE [dB] at 300 and 17.5: -6.7242028702239045.
01/24/2024 10:31:17 AM NMSE [dB] at 400 and 17.5: -7.365275849795733.
01/24/2024 10:31:19 AM NMSE [dB] at 500 and 17.5: -7.529872917349319.
01/24/2024 10:31:22 AM NMSE [dB] at 600 and 17.5: -7.558494008043879.
01/24/2024 10:31:24 AM NMSE [dB] at 700 and 17.5: -7.563227870020034.
01/24/2024 10:31:27 AM NMSE [dB] at 800 and 17.5: -7.563875962132637.
01/24/2024 10:31:28 AM NMSE [dB] at 17.5: [-5.31334715 -6.17529042 -6.95079728 -7.56394798        -inf        -inf
        -inf        -inf        -inf].
01/24/2024 10:31:28 AM NMSE [dB] at 0 and 20.0: 3.32604599193923.
01/24/2024 10:31:31 AM NMSE [dB] at 100 and 20.0: -3.3259984878811593.
01/24/2024 10:31:33 AM NMSE [dB] at 200 and 20.0: -4.789486438845505.
01/24/2024 10:31:35 AM NMSE [dB] at 300 and 20.0: -6.673515460947181.
01/24/2024 10:31:38 AM NMSE [dB] at 400 and 20.0: -7.349348175448992.
01/24/2024 10:31:40 AM NMSE [dB] at 500 and 20.0: -7.3898920886154436.
01/24/2024 10:31:42 AM NMSE [dB] at 600 and 20.0: -7.394551089402629.
01/24/2024 10:31:45 AM NMSE [dB] at 700 and 20.0: -7.396201255867495.
01/24/2024 10:31:47 AM NMSE [dB] at 800 and 20.0: -7.396696961144583.
01/24/2024 10:31:49 AM NMSE [dB] at 20.0: [-5.31334715 -6.17529042 -6.95079728 -7.56394798 -7.39680428        -inf
        -inf        -inf        -inf].
01/24/2024 10:31:49 AM NMSE [dB] at 0 and 22.5: 3.2532403243351595.
01/24/2024 10:31:51 AM NMSE [dB] at 100 and 22.5: -3.310083607478501.
01/24/2024 10:31:53 AM NMSE [dB] at 200 and 22.5: -5.102326282054336.
01/24/2024 10:31:56 AM NMSE [dB] at 300 and 22.5: -7.816048676812532.
01/24/2024 10:31:58 AM NMSE [dB] at 400 and 22.5: -9.161409972409572.
01/24/2024 10:32:00 AM NMSE [dB] at 500 and 22.5: -9.28834997721516.
01/24/2024 10:32:03 AM NMSE [dB] at 600 and 22.5: -9.295574555329603.
01/24/2024 10:32:05 AM NMSE [dB] at 700 and 22.5: -9.296843072159636.
01/24/2024 10:32:08 AM NMSE [dB] at 800 and 22.5: -9.297191222375266.
01/24/2024 10:32:09 AM NMSE [dB] at 22.5: [-5.31334715 -6.17529042 -6.95079728 -7.56394798 -7.39680428 -9.29726581
        -inf        -inf        -inf].
01/24/2024 10:32:09 AM NMSE [dB] at 0 and 25.0: 3.2135999745051755.
01/24/2024 10:32:11 AM NMSE [dB] at 100 and 25.0: -3.4927430726543465.
01/24/2024 10:32:14 AM NMSE [dB] at 200 and 25.0: -5.987787906730286.
01/24/2024 10:32:16 AM NMSE [dB] at 300 and 25.0: -10.19445952971703.
01/24/2024 10:32:19 AM NMSE [dB] at 400 and 25.0: -12.328381651412856.
01/24/2024 10:32:21 AM NMSE [dB] at 500 and 25.0: -12.579531410812235.
01/24/2024 10:32:23 AM NMSE [dB] at 600 and 25.0: -12.593342880260964.
01/24/2024 10:32:26 AM NMSE [dB] at 700 and 25.0: -12.595176655694477.
01/24/2024 10:32:28 AM NMSE [dB] at 800 and 25.0: -12.595561032262292.
01/24/2024 10:32:30 AM NMSE [dB] at 25.0: [ -5.31334715  -6.17529042  -6.95079728  -7.56394798  -7.39680428
  -9.29726581 -12.59563515         -inf         -inf].
01/24/2024 10:32:30 AM NMSE [dB] at 0 and 27.5: 3.227278213488675.
01/24/2024 10:32:32 AM NMSE [dB] at 100 and 27.5: -3.5439802855493867.
01/24/2024 10:32:34 AM NMSE [dB] at 200 and 27.5: -6.048828467856891.
01/24/2024 10:32:37 AM NMSE [dB] at 300 and 27.5: -10.594969065721537.
01/24/2024 10:32:39 AM NMSE [dB] at 400 and 27.5: -12.87546542090124.
01/24/2024 10:32:42 AM NMSE [dB] at 500 and 27.5: -13.19833073380545.
01/24/2024 10:32:44 AM NMSE [dB] at 600 and 27.5: -13.21623971364324.
01/24/2024 10:32:46 AM NMSE [dB] at 700 and 27.5: -13.217823798540064.
01/24/2024 10:32:49 AM NMSE [dB] at 800 and 27.5: -13.218120454499998.
01/24/2024 10:32:50 AM NMSE [dB] at 27.5: [ -5.31334715  -6.17529042  -6.95079728  -7.56394798  -7.39680428
  -9.29726581 -12.59563515 -13.21817646         -inf].
01/24/2024 10:32:50 AM NMSE [dB] at 0 and 30.0: 3.2117731147878836.
01/24/2024 10:32:53 AM NMSE [dB] at 100 and 30.0: -3.5628160534272606.
01/24/2024 10:32:55 AM NMSE [dB] at 200 and 30.0: -6.37786475006693.
01/24/2024 10:32:57 AM NMSE [dB] at 300 and 30.0: -11.009730860622662.
01/24/2024 10:33:00 AM NMSE [dB] at 400 and 30.0: -13.289989785584343.
01/24/2024 10:33:02 AM NMSE [dB] at 500 and 30.0: -13.728929021341278.
01/24/2024 10:33:04 AM NMSE [dB] at 600 and 30.0: -13.758861685579198.
01/24/2024 10:33:07 AM NMSE [dB] at 700 and 30.0: -13.761230492964614.
01/24/2024 10:33:09 AM NMSE [dB] at 800 and 30.0: -13.761550534842698.
01/24/2024 10:33:11 AM NMSE [dB] at 30.0: [ -5.31334715  -6.17529042  -6.95079728  -7.56394798  -7.39680428
  -9.29726581 -12.59563515 -13.21817646 -13.76160054].
